<testsuites>
	<testsuite name="AllTests" tests="9">
		<testcase classname="AllTests" name="testConstructor">
			<failure message="Test.cpp:24 testConstructor: expectedSize == actualSize expected:	0	but was:	6813736	">
testConstructor: expectedSize == actualSize expected:	0	but was:	6813736	
			</failure>
		</testcase>
		<testcase classname="AllTests" name="testInsertHead_1Element">
			<failure message="Test.cpp:57 testInsertHead_1Element: expectedSize == actualSize expected:	1	but was:	6813472	">
testInsertHead_1Element: expectedSize == actualSize expected:	1	but was:	6813472	
			</failure>
		</testcase>
		<testcase classname="AllTests" name="testInsertHead_5Element">
			<failure message="Test.cpp:106 testInsertHead_5Element: expectedSize == actualSize expected:	5	but was:	6813408	">
testInsertHead_5Element: expectedSize == actualSize expected:	5	but was:	6813408	
			</failure>
		</testcase>
		<testcase classname="AllTests" name="testInsertTail_1Element">
			<failure message="Test.cpp:151 testInsertTail_1Element: expectedSize == actualSize expected:	1	but was:	6813472	">
testInsertTail_1Element: expectedSize == actualSize expected:	1	but was:	6813472	
			</failure>
		</testcase>
		<testcase classname="AllTests" name="testInsertTail_5Element">
			<failure message="Test.cpp:199 testInsertTail_5Element: expectedSize == actualSize expected:	5	but was:	6813408	">
testInsertTail_5Element: expectedSize == actualSize expected:	5	but was:	6813408	
			</failure>
		</testcase>
		<testcase classname="AllTests" name="testRemoveHead_1Element"/>
		<testcase classname="AllTests" name="testRemoveHead_5Element">
			<failure message="Test.cpp:268 testRemoveHead_5Element: expectedSize == actualSize expected:	4	but was:	6813536	">
testRemoveHead_5Element: expectedSize == actualSize expected:	4	but was:	6813536	
			</failure>
		</testcase>
		<testcase classname="AllTests" name="testRemoveTail_1Element">
			<failure message="Test.cpp:307 testRemoveTail_1Element: expectedSize == actualSize expected:	0	but was:	6813856	">
testRemoveTail_1Element: expectedSize == actualSize expected:	0	but was:	6813856	
			</failure>
		</testcase>
		<testcase classname="AllTests" name="testRemoveTail_5Element">
			<failure message="Test.cpp:333 testRemoveTail_5Element: expectedSize == actualSize expected:	4	but was:	6813536	">
testRemoveTail_5Element: expectedSize == actualSize expected:	4	but was:	6813536	
			</failure>
		</testcase>
	</testsuite>
</testsuites>
